0 info it worked if it ends with ok
1 verbose cli [ '/Users/ajw/.nvm/versions/node/v6.7.0/bin/node',
1 verbose cli   '/Users/ajw/.nvm/versions/node/v6.7.0/bin/npm',
1 verbose cli   'run',
1 verbose cli   'build-watch' ]
2 info using npm@3.10.3
3 info using node@v6.7.0
4 verbose run-script [ 'prebuild-watch', 'build-watch', 'postbuild-watch' ]
5 info lifecycle pgb@0.0.1~prebuild-watch: pgb@0.0.1
6 silly lifecycle pgb@0.0.1~prebuild-watch: no script for prebuild-watch, continuing
7 info lifecycle pgb@0.0.1~build-watch: pgb@0.0.1
8 verbose lifecycle pgb@0.0.1~build-watch: unsafe-perm in lifecycle true
9 verbose lifecycle pgb@0.0.1~build-watch: PATH: /Users/ajw/.nvm/versions/node/v6.7.0/lib/node_modules/npm/bin/node-gyp-bin:/Users/ajw/Desktop/PGB/node_modules/.bin:/Users/ajw/.nvm/versions/node/v6.7.0/bin:/Users/ajw/.nvm/versions/node/v6.7.0/bin:/Users/ajw/local/bin:/Users/ajw/local/bin:/usr/local/bin:/usr/bin:/bin:/usr/sbin:/sbin:/usr/local/git/bin:/Applications/Postgres.app/Contents/Versions/latest/bin
10 verbose lifecycle pgb@0.0.1~build-watch: CWD: /Users/ajw/Desktop/PGB
11 silly lifecycle pgb@0.0.1~build-watch: Args: [ '-c', 'check-node-version --node \'>= 6.7.0\' && webpack -w' ]
12 silly lifecycle pgb@0.0.1~build-watch: Returned: code: 255  signal: null
13 info lifecycle pgb@0.0.1~build-watch: Failed to exec build-watch script
14 verbose stack Error: pgb@0.0.1 build-watch: `check-node-version --node '>= 6.7.0' && webpack -w`
14 verbose stack Exit status 255
14 verbose stack     at EventEmitter.<anonymous> (/Users/ajw/.nvm/versions/node/v6.7.0/lib/node_modules/npm/lib/utils/lifecycle.js:242:16)
14 verbose stack     at emitTwo (events.js:106:13)
14 verbose stack     at EventEmitter.emit (events.js:191:7)
14 verbose stack     at ChildProcess.<anonymous> (/Users/ajw/.nvm/versions/node/v6.7.0/lib/node_modules/npm/lib/utils/spawn.js:40:14)
14 verbose stack     at emitTwo (events.js:106:13)
14 verbose stack     at ChildProcess.emit (events.js:191:7)
14 verbose stack     at maybeClose (internal/child_process.js:877:16)
14 verbose stack     at Process.ChildProcess._handle.onexit (internal/child_process.js:226:5)
15 verbose pkgid pgb@0.0.1
16 verbose cwd /Users/ajw/Desktop/PGB
17 error Darwin 16.0.0
18 error argv "/Users/ajw/.nvm/versions/node/v6.7.0/bin/node" "/Users/ajw/.nvm/versions/node/v6.7.0/bin/npm" "run" "build-watch"
19 error node v6.7.0
20 error npm  v3.10.3
21 error code ELIFECYCLE
22 error pgb@0.0.1 build-watch: `check-node-version --node '>= 6.7.0' && webpack -w`
22 error Exit status 255
23 error Failed at the pgb@0.0.1 build-watch script 'check-node-version --node '>= 6.7.0' && webpack -w'.
23 error Make sure you have the latest version of node.js and npm installed.
23 error If you do, this is most likely a problem with the pgb package,
23 error not with npm itself.
23 error Tell the author that this fails on your system:
23 error     check-node-version --node '>= 6.7.0' && webpack -w
23 error You can get information on how to open an issue for this project with:
23 error     npm bugs pgb
23 error Or if that isn't available, you can get their info via:
23 error     npm owner ls pgb
23 error There is likely additional logging output above.
24 verbose exit [ 1, true ]
